build/app/intermediates/manifest_merge_blame_file/release/manifest-merger-blame-release-report.txt
1<?xml version="1.0" encoding="utf-8"?>
2<manifest xmlns:android="http://schemas.android.com/apk/res/android"
3    package="com.talhaiqbal.theouthouse"
4    android:versionCode="1"
5    android:versionName="1.0.0" >
6
7    <uses-sdk
8        android:minSdkVersion="21"
8-->src\main\AndroidManifest.xml
9        android:targetSdkVersion="33" />
9-->src\main\AndroidManifest.xml
10
11    <uses-permission android:name="android.permission.INTERNET" />
11-->src\main\AndroidManifest.xml:5:5-67
11-->src\main\AndroidManifest.xml:5:22-64
12    <uses-permission android:name="android.permission.WAKE_LOCK" />
12-->src\main\AndroidManifest.xml:6:5-68
12-->src\main\AndroidManifest.xml:6:22-65
13    <uses-permission android:name="android.permission.FOREGROUND_SERVICE" />
13-->src\main\AndroidManifest.xml:7:5-77
13-->src\main\AndroidManifest.xml:7:22-74
14    <uses-permission android:name="android.permission.BLUETOOTH" />
14-->src\main\AndroidManifest.xml:8:5-68
14-->src\main\AndroidManifest.xml:8:22-65
15    <uses-permission android:name="android.permission.VIBRATE" />
15-->[:assets_audio_player] AndroidManifest.xml:8:5-66
15-->[:assets_audio_player] AndroidManifest.xml:8:22-63
16    <uses-permission android:name="android.permission.WRITE_EXTERNAL_STORAGE" />
17    <uses-permission android:name="android.permission.READ_PHONE_STATE" />
18    <uses-permission android:name="android.permission.READ_EXTERNAL_STORAGE" />
19    <uses-permission android:name="android.permission.ACCESS_NETWORK_STATE" />
19-->[:connectivity_plus] AndroidManifest.xml:7:5-79
19-->[:connectivity_plus] AndroidManifest.xml:7:22-76
20
21    <queries>
21-->[:flutter_inappwebview] AndroidManifest.xml:7:5-11:15
22        <intent>
22-->[:flutter_inappwebview] AndroidManifest.xml:8:9-10:18
23            <action android:name="android.support.customtabs.action.CustomTabsService" />
23-->[:flutter_inappwebview] AndroidManifest.xml:9:13-90
23-->[:flutter_inappwebview] AndroidManifest.xml:9:21-87
24        </intent>
25
26        <package android:name="com.facebook.katana" /> <!-- For browser content -->
26-->[com.facebook.android:audience-network-sdk:6.12.0] AndroidManifest.xml:12:9-55
26-->[com.facebook.android:audience-network-sdk:6.12.0] AndroidManifest.xml:12:18-52
27        <intent>
27-->[com.google.android.gms:play-services-ads-lite:20.6.0] AndroidManifest.xml:31:9-37:18
28            <action android:name="android.intent.action.VIEW" />
28-->[com.onesignal:OneSignal:4.8.2] AndroidManifest.xml:77:17-69
28-->[com.onesignal:OneSignal:4.8.2] AndroidManifest.xml:77:25-66
29
30            <category android:name="android.intent.category.BROWSABLE" />
30-->[com.google.android.gms:play-services-ads-lite:20.6.0] AndroidManifest.xml:34:13-74
30-->[com.google.android.gms:play-services-ads-lite:20.6.0] AndroidManifest.xml:34:23-71
31
32            <data android:scheme="https" />
32-->[com.google.android.gms:play-services-ads-lite:20.6.0] AndroidManifest.xml:36:13-44
32-->[com.google.android.gms:play-services-ads-lite:20.6.0] AndroidManifest.xml:36:19-41
33        </intent>
34    </queries> <!-- Create a unique permission for your app and use it so only your app can receive your OneSignal messages. -->
35    <permission
35-->[com.onesignal:OneSignal:4.8.2] AndroidManifest.xml:7:5-9:47
36        android:name="com.talhaiqbal.theouthouse.permission.C2D_MESSAGE"
36-->[com.onesignal:OneSignal:4.8.2] AndroidManifest.xml:8:9-63
37        android:protectionLevel="signature" />
37-->[com.onesignal:OneSignal:4.8.2] AndroidManifest.xml:9:9-44
38
39    <uses-permission android:name="com.talhaiqbal.theouthouse.permission.C2D_MESSAGE" /> <!-- OneSignal SDK has runtime checks Android version. -->
39-->[com.onesignal:OneSignal:4.8.2] AndroidManifest.xml:11:5-79
39-->[com.onesignal:OneSignal:4.8.2] AndroidManifest.xml:11:22-76
40    <!-- <uses-sdk tools:overrideLibrary="android.support.customtabs"/> -->
41    <!-- Required runtime permission to display notifications on Android 13 -->
42    <uses-permission android:name="android.permission.POST_NOTIFICATIONS" /> <!-- c2dm RECEIVE are basic requirements for push messages through Google's FCM -->
42-->[com.onesignal:OneSignal:4.8.2] AndroidManifest.xml:16:5-77
42-->[com.onesignal:OneSignal:4.8.2] AndroidManifest.xml:16:22-74
43    <uses-permission android:name="com.google.android.c2dm.permission.RECEIVE" />
43-->[com.onesignal:OneSignal:4.8.2] AndroidManifest.xml:18:5-82
43-->[com.onesignal:OneSignal:4.8.2] AndroidManifest.xml:18:22-79
44    <!--
45 Use to restore notifications the user hasn't interacted with.
46         They could be missed notifications if the user reboots their device if this isn't in place.
47    -->
48    <uses-permission android:name="android.permission.RECEIVE_BOOT_COMPLETED" /> <!-- START: ShortcutBadger -->
48-->[com.onesignal:OneSignal:4.8.2] AndroidManifest.xml:30:5-81
48-->[com.onesignal:OneSignal:4.8.2] AndroidManifest.xml:30:22-78
49    <!-- Samsung -->
50    <uses-permission android:name="com.sec.android.provider.badge.permission.READ" />
50-->[com.onesignal:OneSignal:4.8.2] AndroidManifest.xml:32:5-86
50-->[com.onesignal:OneSignal:4.8.2] AndroidManifest.xml:32:22-83
51    <uses-permission android:name="com.sec.android.provider.badge.permission.WRITE" /> <!-- HTC -->
51-->[com.onesignal:OneSignal:4.8.2] AndroidManifest.xml:33:5-87
51-->[com.onesignal:OneSignal:4.8.2] AndroidManifest.xml:33:22-84
52    <uses-permission android:name="com.htc.launcher.permission.READ_SETTINGS" />
52-->[com.onesignal:OneSignal:4.8.2] AndroidManifest.xml:34:5-81
52-->[com.onesignal:OneSignal:4.8.2] AndroidManifest.xml:34:22-78
53    <uses-permission android:name="com.htc.launcher.permission.UPDATE_SHORTCUT" /> <!-- Sony -->
53-->[com.onesignal:OneSignal:4.8.2] AndroidManifest.xml:35:5-83
53-->[com.onesignal:OneSignal:4.8.2] AndroidManifest.xml:35:22-80
54    <uses-permission android:name="com.sonyericsson.home.permission.BROADCAST_BADGE" />
54-->[com.onesignal:OneSignal:4.8.2] AndroidManifest.xml:36:5-88
54-->[com.onesignal:OneSignal:4.8.2] AndroidManifest.xml:36:22-85
55    <uses-permission android:name="com.sonymobile.home.permission.PROVIDER_INSERT_BADGE" /> <!-- Apex -->
55-->[com.onesignal:OneSignal:4.8.2] AndroidManifest.xml:37:5-92
55-->[com.onesignal:OneSignal:4.8.2] AndroidManifest.xml:37:22-89
56    <uses-permission android:name="com.anddoes.launcher.permission.UPDATE_COUNT" /> <!-- Solid -->
56-->[com.onesignal:OneSignal:4.8.2] AndroidManifest.xml:38:5-84
56-->[com.onesignal:OneSignal:4.8.2] AndroidManifest.xml:38:22-81
57    <uses-permission android:name="com.majeur.launcher.permission.UPDATE_BADGE" /> <!-- Huawei -->
57-->[com.onesignal:OneSignal:4.8.2] AndroidManifest.xml:39:5-83
57-->[com.onesignal:OneSignal:4.8.2] AndroidManifest.xml:39:22-80
58    <uses-permission android:name="com.huawei.android.launcher.permission.CHANGE_BADGE" />
58-->[com.onesignal:OneSignal:4.8.2] AndroidManifest.xml:40:5-91
58-->[com.onesignal:OneSignal:4.8.2] AndroidManifest.xml:40:22-88
59    <uses-permission android:name="com.huawei.android.launcher.permission.READ_SETTINGS" />
59-->[com.onesignal:OneSignal:4.8.2] AndroidManifest.xml:41:5-92
59-->[com.onesignal:OneSignal:4.8.2] AndroidManifest.xml:41:22-89
60    <uses-permission android:name="com.huawei.android.launcher.permission.WRITE_SETTINGS" /> <!-- ZUK -->
60-->[com.onesignal:OneSignal:4.8.2] AndroidManifest.xml:42:5-93
60-->[com.onesignal:OneSignal:4.8.2] AndroidManifest.xml:42:22-90
61    <uses-permission android:name="android.permission.READ_APP_BADGE" /> <!-- OPPO -->
61-->[com.onesignal:OneSignal:4.8.2] AndroidManifest.xml:43:5-73
61-->[com.onesignal:OneSignal:4.8.2] AndroidManifest.xml:43:22-70
62    <uses-permission android:name="com.oppo.launcher.permission.READ_SETTINGS" />
62-->[com.onesignal:OneSignal:4.8.2] AndroidManifest.xml:44:5-82
62-->[com.onesignal:OneSignal:4.8.2] AndroidManifest.xml:44:22-79
63    <uses-permission android:name="com.oppo.launcher.permission.WRITE_SETTINGS" /> <!-- EvMe -->
63-->[com.onesignal:OneSignal:4.8.2] AndroidManifest.xml:45:5-83
63-->[com.onesignal:OneSignal:4.8.2] AndroidManifest.xml:45:22-80
64    <uses-permission android:name="me.everything.badger.permission.BADGE_COUNT_READ" />
64-->[com.onesignal:OneSignal:4.8.2] AndroidManifest.xml:46:5-88
64-->[com.onesignal:OneSignal:4.8.2] AndroidManifest.xml:46:22-85
65    <uses-permission android:name="me.everything.badger.permission.BADGE_COUNT_WRITE" />
65-->[com.onesignal:OneSignal:4.8.2] AndroidManifest.xml:47:5-89
65-->[com.onesignal:OneSignal:4.8.2] AndroidManifest.xml:47:22-86
66    <uses-permission android:name="com.google.android.gms.permission.AD_ID" />
66-->[com.facebook.android:audience-network-sdk:6.12.0] AndroidManifest.xml:17:5-79
66-->[com.facebook.android:audience-network-sdk:6.12.0] AndroidManifest.xml:17:22-76
67    <uses-permission android:name="com.google.android.finsky.permission.BIND_GET_INSTALL_REFERRER_SERVICE" />
67-->[com.google.android.gms:play-services-measurement:21.2.0] AndroidManifest.xml:26:5-110
67-->[com.google.android.gms:play-services-measurement:21.2.0] AndroidManifest.xml:26:22-107
68
69    <application
70        android:name="android.app.Application"
70-->src\main\AndroidManifest.xml:11:9-42
71        android:appComponentFactory="androidx.core.app.CoreComponentFactory"
71-->[androidx.core:core:1.8.0] AndroidManifest.xml:24:18-86
72        android:hardwareAccelerated="true"
72-->[:facebook_audience_network] AndroidManifest.xml:7:18-52
73        android:icon="@mipmap/ic_launcher"
73-->src\main\AndroidManifest.xml:12:9-43
74        android:label="TheOutHouse"
74-->src\main\AndroidManifest.xml:13:9-36
75        android:usesCleartextTraffic="true" >
75-->src\main\AndroidManifest.xml:14:9-44
76        <activity
76-->src\main\AndroidManifest.xml:17:9-33:20
77            android:name="com.talhaiqbal.theouthouse.MainActivity"
77-->src\main\AndroidManifest.xml:18:13-41
78            android:configChanges="orientation|keyboardHidden|keyboard|screenSize|smallestScreenSize|locale|layoutDirection|fontScale|screenLayout|density|uiMode"
78-->src\main\AndroidManifest.xml:19:13-163
79            android:exported="true"
79-->src\main\AndroidManifest.xml:20:13-36
80            android:hardwareAccelerated="true"
80-->src\main\AndroidManifest.xml:21:13-47
81            android:launchMode="singleTop"
81-->src\main\AndroidManifest.xml:22:13-43
82            android:theme="@style/LaunchTheme"
82-->src\main\AndroidManifest.xml:23:13-47
83            android:windowSoftInputMode="adjustResize" >
83-->src\main\AndroidManifest.xml:24:13-55
84            <meta-data
84-->src\main\AndroidManifest.xml:26:13-28:57
85                android:name="io.flutter.embedding.android.NormalTheme"
85-->src\main\AndroidManifest.xml:27:17-72
86                android:resource="@style/NormalTheme" />
86-->src\main\AndroidManifest.xml:28:17-54
87
88            <intent-filter>
88-->src\main\AndroidManifest.xml:29:13-32:29
89                <action android:name="android.intent.action.MAIN" />
89-->src\main\AndroidManifest.xml:30:17-69
89-->src\main\AndroidManifest.xml:30:25-66
90
91                <category android:name="android.intent.category.LAUNCHER" />
91-->src\main\AndroidManifest.xml:31:17-77
91-->src\main\AndroidManifest.xml:31:27-74
92            </intent-filter>
93        </activity>
94
95        <meta-data
95-->src\main\AndroidManifest.xml:35:9-37:70
96            android:name="com.google.android.gms.ads.APPLICATION_ID"
96-->src\main\AndroidManifest.xml:36:13-69
97            android:value="ca-app-pub-3940256099942544~3347511713" />
97-->src\main\AndroidManifest.xml:37:13-67
98        <meta-data
98-->src\main\AndroidManifest.xml:38:9-40:33
99            android:name="flutterEmbedding"
99-->src\main\AndroidManifest.xml:39:13-44
100            android:value="2" />
100-->src\main\AndroidManifest.xml:40:13-30
101        <meta-data
101-->src\main\AndroidManifest.xml:41:9-43:36
102            android:name="com.onesignal.suppressLaunchURLs"
102-->src\main\AndroidManifest.xml:42:13-60
103            android:value="true" />
103-->src\main\AndroidManifest.xml:43:13-33
104
105        <activity
105-->[:url_launcher_android] AndroidManifest.xml:8:9-11:74
106            android:name="io.flutter.plugins.urllauncher.WebViewActivity"
106-->[:url_launcher_android] AndroidManifest.xml:9:13-74
107            android:exported="false"
107-->[:url_launcher_android] AndroidManifest.xml:10:13-37
108            android:theme="@android:style/Theme.NoTitleBar.Fullscreen" />
108-->[:url_launcher_android] AndroidManifest.xml:11:13-71
109
110        <receiver
110-->[:assets_audio_player] AndroidManifest.xml:12:9-14:39
111            android:name="com.github.florent37.assets_audio_player.notification.NotificationActionReceiver"
111-->[:assets_audio_player] AndroidManifest.xml:13:13-108
112            android:exported="true" />
112-->[:assets_audio_player] AndroidManifest.xml:14:13-36
113        <receiver
113-->[:assets_audio_player] AndroidManifest.xml:15:9-21:20
114            android:name="com.github.florent37.assets_audio_player.notification.CustomMediaButtonReceiver"
114-->[:assets_audio_player] AndroidManifest.xml:16:13-107
115            android:exported="true" >
115-->[:assets_audio_player] AndroidManifest.xml:17:13-36
116            <intent-filter>
116-->[:assets_audio_player] AndroidManifest.xml:18:13-20:29
117                <action android:name="android.intent.action.MEDIA_BUTTON" />
117-->[:assets_audio_player] AndroidManifest.xml:19:17-77
117-->[:assets_audio_player] AndroidManifest.xml:19:25-74
118            </intent-filter>
119        </receiver>
120
121        <service
121-->[:assets_audio_player] AndroidManifest.xml:23:9-33:19
122            android:name="com.github.florent37.assets_audio_player.notification.NotificationService"
122-->[:assets_audio_player] AndroidManifest.xml:24:13-101
123            android:enabled="true"
123-->[:assets_audio_player] AndroidManifest.xml:25:13-35
124            android:exported="true" >
124-->[:assets_audio_player] AndroidManifest.xml:26:13-36
125
126            <!--
127            <intent-filter>
128                <action android:name="android.intent.action.MEDIA_BUTTON" />
129            </intent-filter>
130            -->
131        </service>
132
133        <activity
133-->[:flutter_inappwebview] AndroidManifest.xml:14:9-18:47
134            android:name="com.pichillilorenzo.flutter_inappwebview.in_app_browser.InAppBrowserActivity"
134-->[:flutter_inappwebview] AndroidManifest.xml:15:13-104
135            android:configChanges="orientation|keyboardHidden|keyboard|screenSize|locale|layoutDirection|fontScale|screenLayout|density"
135-->[:flutter_inappwebview] AndroidManifest.xml:16:13-137
136            android:exported="false"
136-->[:flutter_inappwebview] AndroidManifest.xml:17:13-37
137            android:theme="@style/AppTheme" />
137-->[:flutter_inappwebview] AndroidManifest.xml:18:13-44
138        <activity
138-->[:flutter_inappwebview] AndroidManifest.xml:19:9-22:55
139            android:name="com.pichillilorenzo.flutter_inappwebview.chrome_custom_tabs.ChromeCustomTabsActivity"
139-->[:flutter_inappwebview] AndroidManifest.xml:20:13-112
140            android:exported="false"
140-->[:flutter_inappwebview] AndroidManifest.xml:21:13-37
141            android:theme="@style/ThemeTransparent" />
141-->[:flutter_inappwebview] AndroidManifest.xml:22:13-52
142        <activity
142-->[:flutter_inappwebview] AndroidManifest.xml:23:9-26:55
143            android:name="com.pichillilorenzo.flutter_inappwebview.chrome_custom_tabs.TrustedWebActivity"
143-->[:flutter_inappwebview] AndroidManifest.xml:24:13-106
144            android:exported="false"
144-->[:flutter_inappwebview] AndroidManifest.xml:25:13-37
145            android:theme="@style/ThemeTransparent" />
145-->[:flutter_inappwebview] AndroidManifest.xml:26:13-52
146        <activity
146-->[:flutter_inappwebview] AndroidManifest.xml:27:9-31:55
147            android:name="com.pichillilorenzo.flutter_inappwebview.chrome_custom_tabs.ChromeCustomTabsActivitySingleInstance"
147-->[:flutter_inappwebview] AndroidManifest.xml:28:13-126
148            android:exported="false"
148-->[:flutter_inappwebview] AndroidManifest.xml:29:13-37
149            android:launchMode="singleInstance"
149-->[:flutter_inappwebview] AndroidManifest.xml:30:13-48
150            android:theme="@style/ThemeTransparent" />
150-->[:flutter_inappwebview] AndroidManifest.xml:31:13-52
151        <activity
151-->[:flutter_inappwebview] AndroidManifest.xml:32:9-36:55
152            android:name="com.pichillilorenzo.flutter_inappwebview.chrome_custom_tabs.TrustedWebActivitySingleInstance"
152-->[:flutter_inappwebview] AndroidManifest.xml:33:13-120
153            android:exported="false"
153-->[:flutter_inappwebview] AndroidManifest.xml:34:13-37
154            android:launchMode="singleInstance"
154-->[:flutter_inappwebview] AndroidManifest.xml:35:13-48
155            android:theme="@style/ThemeTransparent" />
155-->[:flutter_inappwebview] AndroidManifest.xml:36:13-52
156
157        <receiver
157-->[:flutter_inappwebview] AndroidManifest.xml:38:9-41:40
158            android:name="com.pichillilorenzo.flutter_inappwebview.chrome_custom_tabs.ActionBroadcastReceiver"
158-->[:flutter_inappwebview] AndroidManifest.xml:39:13-111
159            android:enabled="true"
159-->[:flutter_inappwebview] AndroidManifest.xml:40:13-35
160            android:exported="false" />
160-->[:flutter_inappwebview] AndroidManifest.xml:41:13-37
161
162        <meta-data
162-->[:flutter_inappwebview] AndroidManifest.xml:43:9-45:36
163            android:name="io.flutter.embedded_views_preview"
163-->[:flutter_inappwebview] AndroidManifest.xml:44:13-61
164            android:value="true" />
164-->[:flutter_inappwebview] AndroidManifest.xml:45:13-33
165
166        <provider
166-->[:share_plus] AndroidManifest.xml:8:9-16:20
167            android:name="dev.fluttercommunity.plus.share.ShareFileProvider"
167-->[:share_plus] AndroidManifest.xml:9:13-77
168            android:authorities="com.talhaiqbal.theouthouse.flutter.share_provider"
168-->[:share_plus] AndroidManifest.xml:10:13-74
169            android:exported="false"
169-->[:share_plus] AndroidManifest.xml:11:13-37
170            android:grantUriPermissions="true" >
170-->[:share_plus] AndroidManifest.xml:12:13-47
171            <meta-data
171-->[:share_plus] AndroidManifest.xml:13:13-15:68
172                android:name="android.support.FILE_PROVIDER_PATHS"
172-->[:share_plus] AndroidManifest.xml:14:17-67
173                android:resource="@xml/flutter_share_file_paths" />
173-->[:share_plus] AndroidManifest.xml:15:17-65
174        </provider>
175
176        <receiver
176-->[com.onesignal:OneSignal:4.8.2] AndroidManifest.xml:50:9-61:20
177            android:name="com.onesignal.FCMBroadcastReceiver"
177-->[com.onesignal:OneSignal:4.8.2] AndroidManifest.xml:51:13-62
178            android:exported="true"
178-->[com.onesignal:OneSignal:4.8.2] AndroidManifest.xml:52:13-36
179            android:permission="com.google.android.c2dm.permission.SEND" >
179-->[com.onesignal:OneSignal:4.8.2] AndroidManifest.xml:53:13-73
180
181            <!-- High priority so OneSignal payloads can be filtered from other FCM receivers -->
182            <intent-filter android:priority="999" >
182-->[com.onesignal:OneSignal:4.8.2] AndroidManifest.xml:56:13-60:29
182-->[com.onesignal:OneSignal:4.8.2] AndroidManifest.xml:56:28-50
183                <action android:name="com.google.android.c2dm.intent.RECEIVE" />
183-->[com.onesignal:OneSignal:4.8.2] AndroidManifest.xml:57:17-81
183-->[com.onesignal:OneSignal:4.8.2] AndroidManifest.xml:57:25-78
184
185                <category android:name="com.talhaiqbal.theouthouse" />
185-->[com.onesignal:OneSignal:4.8.2] AndroidManifest.xml:59:17-61
185-->[com.onesignal:OneSignal:4.8.2] AndroidManifest.xml:59:27-58
186            </intent-filter>
187        </receiver>
188
189        <service
189-->[com.onesignal:OneSignal:4.8.2] AndroidManifest.xml:63:9-69:19
190            android:name="com.onesignal.HmsMessageServiceOneSignal"
190-->[com.onesignal:OneSignal:4.8.2] AndroidManifest.xml:64:13-68
191            android:exported="false" >
191-->[com.onesignal:OneSignal:4.8.2] AndroidManifest.xml:65:13-37
192            <intent-filter>
192-->[com.onesignal:OneSignal:4.8.2] AndroidManifest.xml:66:13-68:29
193                <action android:name="com.huawei.push.action.MESSAGING_EVENT" />
193-->[com.onesignal:OneSignal:4.8.2] AndroidManifest.xml:67:17-81
193-->[com.onesignal:OneSignal:4.8.2] AndroidManifest.xml:67:25-78
194            </intent-filter>
195        </service>
196
197        <activity
197-->[com.onesignal:OneSignal:4.8.2] AndroidManifest.xml:71:9-79:20
198            android:name="com.onesignal.NotificationOpenedActivityHMS"
198-->[com.onesignal:OneSignal:4.8.2] AndroidManifest.xml:72:13-71
199            android:exported="true"
199-->[com.onesignal:OneSignal:4.8.2] AndroidManifest.xml:73:13-36
200            android:noHistory="true"
200-->[com.onesignal:OneSignal:4.8.2] AndroidManifest.xml:74:13-37
201            android:theme="@android:style/Theme.Translucent.NoTitleBar" >
201-->[com.onesignal:OneSignal:4.8.2] AndroidManifest.xml:75:13-72
202            <intent-filter>
202-->[com.onesignal:OneSignal:4.8.2] AndroidManifest.xml:76:13-78:29
203                <action android:name="android.intent.action.VIEW" />
203-->[com.onesignal:OneSignal:4.8.2] AndroidManifest.xml:77:17-69
203-->[com.onesignal:OneSignal:4.8.2] AndroidManifest.xml:77:25-66
204            </intent-filter>
205        </activity>
206
207        <service
207-->[com.onesignal:OneSignal:4.8.2] AndroidManifest.xml:81:9-83:40
208            android:name="com.onesignal.FCMIntentService"
208-->[com.onesignal:OneSignal:4.8.2] AndroidManifest.xml:82:13-58
209            android:exported="false" />
209-->[com.onesignal:OneSignal:4.8.2] AndroidManifest.xml:83:13-37
210        <service
210-->[com.onesignal:OneSignal:4.8.2] AndroidManifest.xml:84:9-87:72
211            android:name="com.onesignal.FCMIntentJobService"
211-->[com.onesignal:OneSignal:4.8.2] AndroidManifest.xml:85:13-61
212            android:exported="false"
212-->[com.onesignal:OneSignal:4.8.2] AndroidManifest.xml:86:13-37
213            android:permission="android.permission.BIND_JOB_SERVICE" />
213-->[com.onesignal:OneSignal:4.8.2] AndroidManifest.xml:87:13-69
214        <service
214-->[com.onesignal:OneSignal:4.8.2] AndroidManifest.xml:88:9-91:43
215            android:name="com.onesignal.SyncService"
215-->[com.onesignal:OneSignal:4.8.2] AndroidManifest.xml:89:13-53
216            android:exported="false"
216-->[com.onesignal:OneSignal:4.8.2] AndroidManifest.xml:90:13-37
217            android:stopWithTask="true" />
217-->[com.onesignal:OneSignal:4.8.2] AndroidManifest.xml:91:13-40
218        <service
218-->[com.onesignal:OneSignal:4.8.2] AndroidManifest.xml:92:9-95:72
219            android:name="com.onesignal.SyncJobService"
219-->[com.onesignal:OneSignal:4.8.2] AndroidManifest.xml:93:13-56
220            android:exported="false"
220-->[com.onesignal:OneSignal:4.8.2] AndroidManifest.xml:94:13-37
221            android:permission="android.permission.BIND_JOB_SERVICE" />
221-->[com.onesignal:OneSignal:4.8.2] AndroidManifest.xml:95:13-69
222
223        <activity
223-->[com.onesignal:OneSignal:4.8.2] AndroidManifest.xml:97:9-100:75
224            android:name="com.onesignal.PermissionsActivity"
224-->[com.onesignal:OneSignal:4.8.2] AndroidManifest.xml:98:13-61
225            android:exported="false"
225-->[com.onesignal:OneSignal:4.8.2] AndroidManifest.xml:99:13-37
226            android:theme="@android:style/Theme.Translucent.NoTitleBar" />
226-->[com.onesignal:OneSignal:4.8.2] AndroidManifest.xml:100:13-72
227
228        <receiver
228-->[com.onesignal:OneSignal:4.8.2] AndroidManifest.xml:102:9-104:39
229            android:name="com.onesignal.NotificationDismissReceiver"
229-->[com.onesignal:OneSignal:4.8.2] AndroidManifest.xml:103:13-69
230            android:exported="true" />
230-->[com.onesignal:OneSignal:4.8.2] AndroidManifest.xml:104:13-36
231        <receiver
231-->[com.onesignal:OneSignal:4.8.2] AndroidManifest.xml:105:9-112:20
232            android:name="com.onesignal.BootUpReceiver"
232-->[com.onesignal:OneSignal:4.8.2] AndroidManifest.xml:106:13-56
233            android:exported="true" >
233-->[com.onesignal:OneSignal:4.8.2] AndroidManifest.xml:107:13-36
234            <intent-filter>
234-->[com.onesignal:OneSignal:4.8.2] AndroidManifest.xml:108:13-111:29
235                <action android:name="android.intent.action.BOOT_COMPLETED" />
235-->[com.onesignal:OneSignal:4.8.2] AndroidManifest.xml:109:17-79
235-->[com.onesignal:OneSignal:4.8.2] AndroidManifest.xml:109:25-76
236                <action android:name="android.intent.action.QUICKBOOT_POWERON" />
236-->[com.onesignal:OneSignal:4.8.2] AndroidManifest.xml:110:17-82
236-->[com.onesignal:OneSignal:4.8.2] AndroidManifest.xml:110:25-79
237            </intent-filter>
238        </receiver>
239        <receiver
239-->[com.onesignal:OneSignal:4.8.2] AndroidManifest.xml:113:9-119:20
240            android:name="com.onesignal.UpgradeReceiver"
240-->[com.onesignal:OneSignal:4.8.2] AndroidManifest.xml:114:13-57
241            android:exported="true" >
241-->[com.onesignal:OneSignal:4.8.2] AndroidManifest.xml:115:13-36
242            <intent-filter>
242-->[com.onesignal:OneSignal:4.8.2] AndroidManifest.xml:116:13-118:29
243                <action android:name="android.intent.action.MY_PACKAGE_REPLACED" />
243-->[com.onesignal:OneSignal:4.8.2] AndroidManifest.xml:117:17-84
243-->[com.onesignal:OneSignal:4.8.2] AndroidManifest.xml:117:25-81
244            </intent-filter>
245        </receiver>
246
247        <activity
247-->[com.onesignal:OneSignal:4.8.2] AndroidManifest.xml:121:9-127:75
248            android:name="com.onesignal.NotificationOpenedReceiver"
248-->[com.onesignal:OneSignal:4.8.2] AndroidManifest.xml:122:13-68
249            android:excludeFromRecents="true"
249-->[com.onesignal:OneSignal:4.8.2] AndroidManifest.xml:123:13-46
250            android:exported="true"
250-->[com.onesignal:OneSignal:4.8.2] AndroidManifest.xml:124:13-36
251            android:noHistory="true"
251-->[com.onesignal:OneSignal:4.8.2] AndroidManifest.xml:125:13-37
252            android:taskAffinity=""
252-->[com.onesignal:OneSignal:4.8.2] AndroidManifest.xml:126:13-36
253            android:theme="@android:style/Theme.Translucent.NoTitleBar" />
253-->[com.onesignal:OneSignal:4.8.2] AndroidManifest.xml:127:13-72
254        <activity
254-->[com.onesignal:OneSignal:4.8.2] AndroidManifest.xml:128:9-133:75
255            android:name="com.onesignal.NotificationOpenedReceiverAndroid22AndOlder"
255-->[com.onesignal:OneSignal:4.8.2] AndroidManifest.xml:129:13-85
256            android:excludeFromRecents="true"
256-->[com.onesignal:OneSignal:4.8.2] AndroidManifest.xml:130:13-46
257            android:exported="true"
257-->[com.onesignal:OneSignal:4.8.2] AndroidManifest.xml:131:13-36
258            android:noHistory="true"
258-->[com.onesignal:OneSignal:4.8.2] AndroidManifest.xml:132:13-37
259            android:theme="@android:style/Theme.Translucent.NoTitleBar" />
259-->[com.onesignal:OneSignal:4.8.2] AndroidManifest.xml:133:13-72
260
261        <uses-library
261-->[androidx.window:window:1.0.0-beta04] AndroidManifest.xml:25:9-27:40
262            android:name="androidx.window.extensions"
262-->[androidx.window:window:1.0.0-beta04] AndroidManifest.xml:26:13-54
263            android:required="false" />
263-->[androidx.window:window:1.0.0-beta04] AndroidManifest.xml:27:13-37
264        <uses-library
264-->[androidx.window:window:1.0.0-beta04] AndroidManifest.xml:28:9-30:40
265            android:name="androidx.window.sidecar"
265-->[androidx.window:window:1.0.0-beta04] AndroidManifest.xml:29:13-51
266            android:required="false" />
266-->[androidx.window:window:1.0.0-beta04] AndroidManifest.xml:30:13-37
267
268        <activity
268-->[com.facebook.android:audience-network-sdk:6.12.0] AndroidManifest.xml:20:9-24:75
269            android:name="com.facebook.ads.AudienceNetworkActivity"
269-->[com.facebook.android:audience-network-sdk:6.12.0] AndroidManifest.xml:21:13-68
270            android:configChanges="keyboardHidden|orientation|screenSize"
270-->[com.facebook.android:audience-network-sdk:6.12.0] AndroidManifest.xml:22:13-74
271            android:exported="false"
271-->[com.facebook.android:audience-network-sdk:6.12.0] AndroidManifest.xml:23:13-37
272            android:theme="@android:style/Theme.Translucent.NoTitleBar" />
272-->[com.facebook.android:audience-network-sdk:6.12.0] AndroidManifest.xml:24:13-72
273
274        <provider
274-->[com.facebook.android:audience-network-sdk:6.12.0] AndroidManifest.xml:26:9-29:40
275            android:name="com.facebook.ads.AudienceNetworkContentProvider"
275-->[com.facebook.android:audience-network-sdk:6.12.0] AndroidManifest.xml:27:13-75
276            android:authorities="com.talhaiqbal.theouthouse.AudienceNetworkContentProvider"
276-->[com.facebook.android:audience-network-sdk:6.12.0] AndroidManifest.xml:28:13-82
277            android:exported="false" />
277-->[com.facebook.android:audience-network-sdk:6.12.0] AndroidManifest.xml:29:13-37
278
279        <receiver
279-->[com.google.android.gms:play-services-measurement:21.2.0] AndroidManifest.xml:29:9-33:20
280            android:name="com.google.android.gms.measurement.AppMeasurementReceiver"
280-->[com.google.android.gms:play-services-measurement:21.2.0] AndroidManifest.xml:30:13-85
281            android:enabled="true"
281-->[com.google.android.gms:play-services-measurement:21.2.0] AndroidManifest.xml:31:13-35
282            android:exported="false" >
282-->[com.google.android.gms:play-services-measurement:21.2.0] AndroidManifest.xml:32:13-37
283        </receiver>
284
285        <service